<?xml version="1.0" encoding="UTF-8"?>
<!-- Generated by org.testng.reporters.JUnitXMLReporter -->
<testsuite ignored="0" hostname="DESKTOP-DV5D261" failures="0" tests="9" name="chrome" time="305.612" errors="0" timestamp="2021-10-19T11:17:03 IST">
  <testcase classname="TestPackage.VerfiyHomePageFunctionality" name="VerifyAmazonPayButton" time="6.865"/>
  <testcase classname="TestPackage.VerfiyHomePageFunctionality" name="VerifyBestSellersButton" time="6.024"/>
  <testcase classname="TestPackage.VerfiyHomePageFunctionality" name="VerifyBuyAgainButton" time="6.026"/>
  <testcase classname="TestPackage.VerfiyHomePageFunctionality" name="VerifyCustomerServiceButton" time="5.891"/>
  <testcase classname="TestPackage.VerfiyHomePageFunctionality" name="VerifyElectronicsButton" time="6.886"/>
  <testcase classname="TestPackage.VerfiyHomePageFunctionality" name="VerifyFreshButton" time="8.578"/>
  <testcase classname="TestPackage.VerfiyHomePageFunctionality" name="VerifyGiftCardsButton" time="6.488"/>
  <testcase classname="TestPackage.VerfiyHomePageFunctionality" name="VerifyMobilesButton" time="7.927"/>
  <testcase classname="TestPackage.VerfiyHomePageFunctionality" name="VerifyPrimeButton" time="8.319"/>
</testsuite> <!-- chrome -->
